appName_IS_UNDEFINED > [35m20:04:46.429[0;39m [1;31m[Test worker][0;39m ERROR [userId: ]  [36mc.g.s.auth.controller.AuthController[0;39m - [34mnull
[0;39mappName_IS_UNDEFINED > [35m20:04:46.447[0;39m [1;31m[Test worker][0;39m ERROR [userId: ]  [36mc.g.s.auth.controller.AuthController[0;39m - [34mthis_email_already_activated
[0;39mappName_IS_UNDEFINED > [35m20:05:14.793[0;39m [34m[Test worker][0;39m INFO  [userId: ]  [36mc.g.s.auth.controller.AuthController[0;39m - [34mUserWrapperResponse is generated. UserWrapperResponse: com.github.senocak.auth.domain.dto.UserWrapperResponse@2443135
[0;39mappName_IS_UNDEFINED > [35m20:05:14.810[0;39m [1;31m[Test worker][0;39m ERROR [userId: ]  [36mc.g.s.auth.controller.AuthController[0;39m - [34mrefresh_not_jwt
[0;39mappName_IS_UNDEFINED > [35m20:05:14.816[0;39m [34m[Test worker][0;39m INFO  [userId: ]  [36mc.g.s.auth.controller.AuthController[0;39m - [34mUserWrapperResponse is generated. UserWrapperResponse: com.github.senocak.auth.domain.dto.UserWrapperResponse@4665428b
[0;39mappName_IS_UNDEFINED > [35m20:05:14.823[0;39m [1;31m[Test worker][0;39m ERROR [userId: ]  [36mc.g.s.auth.controller.AuthController[0;39m - [34mnull: anil1@senocak.com
[0;39mappName_IS_UNDEFINED > [35m20:05:14.835[0;39m [34m[Test worker][0;39m INFO  [userId: ]  [36mc.g.s.auth.controller.AuthController[0;39m - [34mUserRegisteredEvent is published for user: User(name=anil senocak, email=anil1@senocak.com, password=pass1)
[0;39mappName_IS_UNDEFINED > [35m20:05:14.836[0;39m [34m[Test worker][0;39m INFO  [userId: ]  [36mc.g.s.auth.controller.AuthController[0;39m - [34mUser created. User: User(name=anil senocak, email=anil1@senocak.com, password=asenocak)
[0;39mappName_IS_UNDEFINED > [35m20:05:14.840[0;39m [34m[Test worker][0;39m INFO  [userId: ]  [36mc.g.s.auth.controller.AuthController[0;39m - [34mUserRegisteredEvent is re-published for user: User(name=anil senocak, email=anil1@senocak.com, password=asenocak)
[0;39mappName_IS_UNDEFINED > [35m20:05:14.844[0;39m [1;31m[Test worker][0;39m ERROR [userId: ]  [36mc.g.s.auth.controller.AuthController[0;39m - [34mthis_email_already_activated
[0;39mappName_IS_UNDEFINED > [35m20:06:59.638[0;39m [34m[Test worker][0;39m INFO  [userId: ]  [36mc.g.s.auth.controller.AuthController[0;39m - [34mUserWrapperResponse is generated. UserWrapperResponse: com.github.senocak.auth.domain.dto.UserWrapperResponse@2443135
[0;39mappName_IS_UNDEFINED > [35m20:06:59.653[0;39m [1;31m[Test worker][0;39m ERROR [userId: ]  [36mc.g.s.auth.controller.AuthController[0;39m - [34mrefresh_not_jwt
[0;39mappName_IS_UNDEFINED > [35m20:06:59.660[0;39m [34m[Test worker][0;39m INFO  [userId: ]  [36mc.g.s.auth.controller.AuthController[0;39m - [34mUserWrapperResponse is generated. UserWrapperResponse: com.github.senocak.auth.domain.dto.UserWrapperResponse@4665428b
[0;39mappName_IS_UNDEFINED > [35m20:06:59.666[0;39m [1;31m[Test worker][0;39m ERROR [userId: ]  [36mc.g.s.auth.controller.AuthController[0;39m - [34mnull: anil1@senocak.com
[0;39mappName_IS_UNDEFINED > [35m20:06:59.673[0;39m [34m[Test worker][0;39m INFO  [userId: ]  [36mc.g.s.auth.controller.AuthController[0;39m - [34mUserRegisteredEvent is published for user: User(name=anil senocak, email=anil1@senocak.com, password=pass1)
[0;39mappName_IS_UNDEFINED > [35m20:06:59.673[0;39m [34m[Test worker][0;39m INFO  [userId: ]  [36mc.g.s.auth.controller.AuthController[0;39m - [34mUser created. User: User(name=anil senocak, email=anil1@senocak.com, password=asenocak)
[0;39mappName_IS_UNDEFINED > [35m20:06:59.677[0;39m [34m[Test worker][0;39m INFO  [userId: ]  [36mc.g.s.auth.controller.AuthController[0;39m - [34mUserRegisteredEvent is re-published for user: User(name=anil senocak, email=anil1@senocak.com, password=asenocak)
[0;39mappName_IS_UNDEFINED > [35m20:06:59.681[0;39m [1;31m[Test worker][0;39m ERROR [userId: ]  [36mc.g.s.auth.controller.AuthController[0;39m - [34mthis_email_already_activated
[0;39mappName_IS_UNDEFINED > [35m20:10:04.283[0;39m [34m[Test worker][0;39m INFO  [userId: ]  [36mc.g.s.auth.controller.AuthController[0;39m - [34mUserWrapperResponse is generated. UserWrapperResponse: com.github.senocak.auth.domain.dto.UserWrapperResponse@64518270
[0;39mappName_IS_UNDEFINED > [35m20:10:04.304[0;39m [1;31m[Test worker][0;39m ERROR [userId: ]  [36mc.g.s.auth.controller.AuthController[0;39m - [34mrefresh_not_jwt
[0;39mappName_IS_UNDEFINED > [35m20:10:04.312[0;39m [34m[Test worker][0;39m INFO  [userId: ]  [36mc.g.s.auth.controller.AuthController[0;39m - [34mUserWrapperResponse is generated. UserWrapperResponse: com.github.senocak.auth.domain.dto.UserWrapperResponse@37e0056e
[0;39mappName_IS_UNDEFINED > [35m20:10:04.322[0;39m [1;31m[Test worker][0;39m ERROR [userId: ]  [36mc.g.s.auth.controller.AuthController[0;39m - [34mnull: anil1@senocak.com
[0;39mappName_IS_UNDEFINED > [35m20:10:04.328[0;39m [34m[Test worker][0;39m INFO  [userId: ]  [36mc.g.s.auth.controller.AuthController[0;39m - [34mUserRegisteredEvent is published for user: User(name=anil senocak, email=anil1@senocak.com, password=pass1)
[0;39mappName_IS_UNDEFINED > [35m20:10:04.329[0;39m [34m[Test worker][0;39m INFO  [userId: ]  [36mc.g.s.auth.controller.AuthController[0;39m - [34mUser created. User: User(name=anil senocak, email=anil1@senocak.com, password=asenocak)
[0;39mappName_IS_UNDEFINED > [35m20:10:04.333[0;39m [34m[Test worker][0;39m INFO  [userId: ]  [36mc.g.s.auth.controller.AuthController[0;39m - [34mUserRegisteredEvent is re-published for user: User(name=anil senocak, email=anil1@senocak.com, password=asenocak)
[0;39mappName_IS_UNDEFINED > [35m20:10:04.337[0;39m [1;31m[Test worker][0;39m ERROR [userId: ]  [36mc.g.s.auth.controller.AuthController[0;39m - [34mthis_email_already_activated
[0;39mappName_IS_UNDEFINED > [35m20:16:40.344[0;39m [34m[Test worker][0;39m INFO  [userId: ]  [36mc.g.s.auth.controller.AuthController[0;39m - [34mUserWrapperResponse is generated. UserWrapperResponse: com.github.senocak.auth.domain.dto.UserWrapperResponse@64518270
[0;39mappName_IS_UNDEFINED > [35m20:16:40.544[0;39m [1;31m[Test worker][0;39m ERROR [userId: ]  [36mc.g.s.auth.controller.AuthController[0;39m - [34mrefresh_not_jwt
[0;39mappName_IS_UNDEFINED > [35m20:16:40.564[0;39m [34m[Test worker][0;39m INFO  [userId: ]  [36mc.g.s.auth.controller.AuthController[0;39m - [34mUserWrapperResponse is generated. UserWrapperResponse: com.github.senocak.auth.domain.dto.UserWrapperResponse@48d739f
[0;39mappName_IS_UNDEFINED > [35m20:16:40.578[0;39m [1;31m[Test worker][0;39m ERROR [userId: ]  [36mc.g.s.auth.controller.AuthController[0;39m - [34mnull: anil1@senocak.com
[0;39mappName_IS_UNDEFINED > [35m20:16:40.586[0;39m [34m[Test worker][0;39m INFO  [userId: ]  [36mc.g.s.auth.controller.AuthController[0;39m - [34mUserRegisteredEvent is published for user: User(name=anil senocak, email=anil1@senocak.com, password=pass1)
[0;39mappName_IS_UNDEFINED > [35m20:16:40.587[0;39m [34m[Test worker][0;39m INFO  [userId: ]  [36mc.g.s.auth.controller.AuthController[0;39m - [34mUser created. User: User(name=anil senocak, email=anil1@senocak.com, password=asenocak)
[0;39mappName_IS_UNDEFINED > [35m20:16:40.591[0;39m [34m[Test worker][0;39m INFO  [userId: ]  [36mc.g.s.auth.controller.AuthController[0;39m - [34mUserRegisteredEvent is re-published for user: User(name=anil senocak, email=anil1@senocak.com, password=asenocak)
[0;39mappName_IS_UNDEFINED > [35m20:16:40.593[0;39m [1;31m[Test worker][0;39m ERROR [userId: ]  [36mc.g.s.auth.controller.AuthController[0;39m - [34mthis_email_already_activated
[0;39mappName_IS_UNDEFINED > [35m20:18:14.783[0;39m [34m[Test worker][0;39m INFO  [userId: ]  [36mc.g.s.auth.controller.AuthController[0;39m - [34mUserWrapperResponse is generated. UserWrapperResponse: com.github.senocak.auth.domain.dto.UserWrapperResponse@64518270
[0;39mappName_IS_UNDEFINED > [35m20:18:14.864[0;39m [1;31m[Test worker][0;39m ERROR [userId: ]  [36mc.g.s.auth.controller.AuthController[0;39m - [34mrefresh_not_jwt
[0;39mappName_IS_UNDEFINED > [35m20:18:14.872[0;39m [34m[Test worker][0;39m INFO  [userId: ]  [36mc.g.s.auth.controller.AuthController[0;39m - [34mUserWrapperResponse is generated. UserWrapperResponse: com.github.senocak.auth.domain.dto.UserWrapperResponse@48d739f
[0;39mappName_IS_UNDEFINED > [35m20:18:14.878[0;39m [1;31m[Test worker][0;39m ERROR [userId: ]  [36mc.g.s.auth.controller.AuthController[0;39m - [34mnull: anil1@senocak.com
[0;39mappName_IS_UNDEFINED > [35m20:18:14.885[0;39m [34m[Test worker][0;39m INFO  [userId: ]  [36mc.g.s.auth.controller.AuthController[0;39m - [34mUserRegisteredEvent is published for user: User(name=anil senocak, email=anil1@senocak.com, password=pass1)
[0;39mappName_IS_UNDEFINED > [35m20:18:14.885[0;39m [34m[Test worker][0;39m INFO  [userId: ]  [36mc.g.s.auth.controller.AuthController[0;39m - [34mUser created. User: User(name=anil senocak, email=anil1@senocak.com, password=asenocak)
[0;39mappName_IS_UNDEFINED > [35m20:18:14.890[0;39m [34m[Test worker][0;39m INFO  [userId: ]  [36mc.g.s.auth.controller.AuthController[0;39m - [34mUserRegisteredEvent is re-published for user: User(name=anil senocak, email=anil1@senocak.com, password=asenocak)
[0;39mappName_IS_UNDEFINED > [35m20:18:14.893[0;39m [1;31m[Test worker][0;39m ERROR [userId: ]  [36mc.g.s.auth.controller.AuthController[0;39m - [34mthis_email_already_activated
[0;39mappName_IS_UNDEFINED > [35m20:18:41.614[0;39m [1;31m[Test worker][0;39m ERROR [userId: ]  [36mc.g.s.auth.controller.UserController[0;39m - [34mnull
[0;39mappName_IS_UNDEFINED > [35m20:18:41.631[0;39m [1;31m[Test worker][0;39m ERROR [userId: ]  [36mc.g.s.auth.controller.UserController[0;39m - [34mnull
[0;39mappName_IS_UNDEFINED > [35m20:27:02.501[0;39m [1;31m[Test worker][0;39m ERROR [userId: ]  [36mc.g.s.auth.controller.UserController[0;39m - [34minvalid_sort_column
[0;39mappName_IS_UNDEFINED > [35m20:30:52.620[0;39m [31m[Test worker][0;39m WARN  [userId: ]  [36mc.g.s.a.d.dto.PageRequestBuilder[0;39m - [34mPage must be greater than 0!
[0;39mappName_IS_UNDEFINED > [35m20:34:00.321[0;39m [1;31m[Test worker][0;39m ERROR [userId: ]  [36mc.g.s.auth.controller.UserController[0;39m - [34minvalid_sort_column
[0;39mappName_IS_UNDEFINED > [35m20:34:00.464[0;39m [1;31m[Test worker][0;39m ERROR [userId: ]  [36mc.g.s.auth.controller.UserController[0;39m - [34mnull
[0;39mappName_IS_UNDEFINED > [35m20:34:00.472[0;39m [1;31m[Test worker][0;39m ERROR [userId: ]  [36mc.g.s.auth.controller.UserController[0;39m - [34mnull
[0;39mappName_IS_UNDEFINED > [35m20:34:18.293[0;39m [1;31m[Test worker][0;39m ERROR [userId: ]  [36mc.g.s.a.e.RestExceptionHandler[0;39m - [34mException is handled. HttpStatus: 405 METHOD_NOT_ALLOWED, OmaErrorMessageType: EXTRA_INPUT_NOT_ALLOWED, variables: [null, Request method 'lorem' is not supported]
[0;39mappName_IS_UNDEFINED > [35m20:34:18.313[0;39m [1;31m[Test worker][0;39m ERROR [userId: ]  [36mc.g.s.a.e.RestExceptionHandler[0;39m - [34mException is handled. HttpStatus: 400 BAD_REQUEST, OmaErrorMessageType: BASIC_INVALID_INPUT, variables: [null, lorem]
[0;39mappName_IS_UNDEFINED > [35m20:34:18.316[0;39m [1;31m[Test worker][0;39m ERROR [userId: ]  [36mc.g.s.a.e.RestExceptionHandler[0;39m - [34mException is handled. HttpStatus: 404 NOT_FOUND, OmaErrorMessageType: NOT_FOUND, variables: [No endpoint GET .]
[0;39mappName_IS_UNDEFINED > [35m20:34:18.319[0;39m [1;31m[Test worker][0;39m ERROR [userId: ]  [36mc.g.s.a.e.RestExceptionHandler[0;39m - [34mException is handled. HttpStatus: 409 CONFLICT, OmaErrorMessageType: NOT_FOUND, variables: [lorem]
[0;39mappName_IS_UNDEFINED > [35m20:34:18.324[0;39m [1;31m[Test worker][0;39m ERROR [userId: ]  [36mc.g.s.a.e.RestExceptionHandler[0;39m - [34mException is handled. HttpStatus: 415 UNSUPPORTED_MEDIA_TYPE, OmaErrorMessageType: BASIC_INVALID_INPUT, variables: [lorem]
[0;39mappName_IS_UNDEFINED > [35m20:34:18.326[0;39m [1;31m[Test worker][0;39m ERROR [userId: ]  [36mc.g.s.a.e.RestExceptionHandler[0;39m - [34mException is handled. HttpStatus: 401 UNAUTHORIZED, OmaErrorMessageType: UNAUTHORIZED, variables: [lorem]
[0;39mappName_IS_UNDEFINED > [35m20:34:18.329[0;39m [1;31m[Test worker][0;39m ERROR [userId: ]  [36mc.g.s.a.e.RestExceptionHandler[0;39m - [34mException is handled. HttpStatus: 500 INTERNAL_SERVER_ERROR, OmaErrorMessageType: GENERIC_SERVICE_ERROR, variables: [null, lorem]
[0;39mappName_IS_UNDEFINED > [35m20:43:01.519[0;39m [1;31m[Test worker][0;39m ERROR [userId: ]  [36mc.g.s.a.e.RestExceptionHandler[0;39m - [34mException is handled. HttpStatus: 400 BAD_REQUEST, OmaErrorMessageType: BASIC_INVALID_INPUT, variables: [malformed_json_request, lorem]
[0;39mappName_IS_UNDEFINED > [35m20:43:14.744[0;39m [1;31m[Test worker][0;39m ERROR [userId: ]  [36mc.g.s.a.e.RestExceptionHandler[0;39m - [34mException is handled. HttpStatus: 401 UNAUTHORIZED, OmaErrorMessageType: UNAUTHORIZED, variables: [lorem]
[0;39mappName_IS_UNDEFINED > [35m20:43:21.945[0;39m [1;31m[Test worker][0;39m ERROR [userId: ]  [36mc.g.s.a.e.RestExceptionHandler[0;39m - [34mException is handled. HttpStatus: 409 CONFLICT, OmaErrorMessageType: NOT_FOUND, variables: [lorem]
[0;39mappName_IS_UNDEFINED > [35m20:44:57.963[0;39m [1;31m[Test worker][0;39m ERROR [userId: ]  [36mc.g.s.a.e.RestExceptionHandler[0;39m - [34mException is handled. HttpStatus: 405 METHOD_NOT_ALLOWED, OmaErrorMessageType: EXTRA_INPUT_NOT_ALLOWED, variables: [method_not_supported, Request method 'lorem' is not supported]
[0;39mappName_IS_UNDEFINED > [35m20:45:21.931[0;39m [1;31m[Test worker][0;39m ERROR [userId: ]  [36mc.g.s.a.e.RestExceptionHandler[0;39m - [34mException is handled. HttpStatus: 415 UNSUPPORTED_MEDIA_TYPE, OmaErrorMessageType: BASIC_INVALID_INPUT, variables: [lorem]
[0;39mappName_IS_UNDEFINED > [35m20:46:06.658[0;39m [1;31m[Test worker][0;39m ERROR [userId: ]  [36mc.g.s.a.e.RestExceptionHandler[0;39m - [34mException is handled. HttpStatus: 404 NOT_FOUND, OmaErrorMessageType: NOT_FOUND, variables: [No endpoint GET .]
[0;39mappName_IS_UNDEFINED > [35m20:46:22.991[0;39m [1;31m[Test worker][0;39m ERROR [userId: ]  [36mc.g.s.a.e.RestExceptionHandler[0;39m - [34mException is handled. HttpStatus: 404 NOT_FOUND, OmaErrorMessageType: NOT_FOUND, variables: [No endpoint GET .]
[0;39mappName_IS_UNDEFINED > [35m20:53:59.036[0;39m [1;31m[Test worker][0;39m ERROR [userId: ]  [36mc.g.s.a.e.RestExceptionHandler[0;39m - [34mException is handled. HttpStatus: 422 UNPROCESSABLE_ENTITY, OmaErrorMessageType: GENERIC_SERVICE_ERROR, variables: [validation_error, message: default]
[0;39mappName_IS_UNDEFINED > [35m20:54:16.666[0;39m [1;31m[Test worker][0;39m ERROR [userId: ]  [36mc.g.s.a.e.RestExceptionHandler[0;39m - [34mException is handled. HttpStatus: 409 CONFLICT, OmaErrorMessageType: NOT_FOUND, variables: [lorem]
[0;39mappName_IS_UNDEFINED > [35m20:55:43.976[0;39m [1;31m[Test worker][0;39m ERROR [userId: ]  [36mc.g.s.a.e.RestExceptionHandler[0;39m - [34mException is handled. HttpStatus: 404 NOT_FOUND, OmaErrorMessageType: NOT_FOUND, variables: [No endpoint GET .]
[0;39mappName_IS_UNDEFINED > [35m20:55:43.990[0;39m [1;31m[Test worker][0;39m ERROR [userId: ]  [36mc.g.s.a.e.RestExceptionHandler[0;39m - [34mException is handled. HttpStatus: 409 CONFLICT, OmaErrorMessageType: NOT_FOUND, variables: [lorem]
[0;39mappName_IS_UNDEFINED > [35m20:55:44.007[0;39m [1;31m[Test worker][0;39m ERROR [userId: ]  [36mc.g.s.a.e.RestExceptionHandler[0;39m - [34mException is handled. HttpStatus: 500 INTERNAL_SERVER_ERROR, OmaErrorMessageType: GENERIC_SERVICE_ERROR, variables: [server_error, lorem]
[0;39mappName_IS_UNDEFINED > [35m20:55:44.011[0;39m [1;31m[Test worker][0;39m ERROR [userId: ]  [36mc.g.s.a.e.RestExceptionHandler[0;39m - [34mException is handled. HttpStatus: 405 METHOD_NOT_ALLOWED, OmaErrorMessageType: EXTRA_INPUT_NOT_ALLOWED, variables: [method_not_supported, Request method 'lorem' is not supported]
[0;39mappName_IS_UNDEFINED > [35m20:55:44.014[0;39m [1;31m[Test worker][0;39m ERROR [userId: ]  [36mc.g.s.a.e.RestExceptionHandler[0;39m - [34mException is handled. HttpStatus: 401 UNAUTHORIZED, OmaErrorMessageType: UNAUTHORIZED, variables: [lorem]
[0;39mappName_IS_UNDEFINED > [35m20:55:44.160[0;39m [1;31m[Test worker][0;39m ERROR [userId: ]  [36mc.g.s.a.e.RestExceptionHandler[0;39m - [34mException is handled. HttpStatus: 422 UNPROCESSABLE_ENTITY, OmaErrorMessageType: GENERIC_SERVICE_ERROR, variables: [validation_error, message: default]
[0;39mappName_IS_UNDEFINED > [35m20:55:44.163[0;39m [1;31m[Test worker][0;39m ERROR [userId: ]  [36mc.g.s.a.e.RestExceptionHandler[0;39m - [34mException is handled. HttpStatus: 400 BAD_REQUEST, OmaErrorMessageType: BASIC_INVALID_INPUT, variables: [malformed_json_request, lorem]
[0;39mappName_IS_UNDEFINED > [35m20:55:44.166[0;39m [1;31m[Test worker][0;39m ERROR [userId: ]  [36mc.g.s.a.e.RestExceptionHandler[0;39m - [34mException is handled. HttpStatus: 415 UNSUPPORTED_MEDIA_TYPE, OmaErrorMessageType: BASIC_INVALID_INPUT, variables: [lorem]
[0;39mappName_IS_UNDEFINED > [35m20:56:03.462[0;39m [31m[Test worker][0;39m WARN  [userId: ]  [36mc.g.s.a.s.AuthenticationService[0;39m - [34mAccessDeniedException occurred
[0;39mappName_IS_UNDEFINED > [35m20:57:11.580[0;39m [31m[Test worker][0;39m WARN  [userId: ]  [36mc.g.s.a.s.AuthenticationService[0;39m - [34mAccessDeniedException occurred
[0;39m